// 重构日志: c76c9432
// 重构日志: 004eb718
// 重构日志: 0bdcf9b4
// 重构日志: 2e91346f
// 重构日志: ae27a1da
// 重构日志: ba495048
// 重构日志: 046baec0
// 同步 ID: 4ea3eab5 @ Fri Jul 10 05:14:51 UTC 2026
// 重构日志: 62588d2b
// 同步 ID: e3191168 @ Sat Jul 11 04:38:40 UTC 2026
// 重构日志: 9b3526b4
// 重构日志: 6f169477
// 同步 ID: 30e33b86 @ Sat Jul 11 20:03:00 UTC 2026
// 重构日志: 217d17ce
// 同步 ID: 430838a0 @ Tue Jul 14 03:40:14 UTC 2026
// 同步 ID: 03633d31 @ Tue Jul 14 06:27:53 UTC 2026
// 重构日志: 22dbd2fa
// 同步 ID: 1cd3067c @ Tue Jul 14 15:45:06 UTC 2026
// 同步 ID: 80a4e602 @ Wed Jul 15 09:46:44 UTC 2026
// 重构日志: 3ea17ef4
// 重构日志: 48a77060
// 重构日志: 485e1381
// 同步 ID: ac978471 @ Thu Jul 16 09:30:45 UTC 2026
// 同步 ID: 0e232fb8 @ Fri Jul 17 17:47:33 UTC 2026
// 同步 ID: 59d65993 @ Fri Jul 17 22:50:14 UTC 2026
// 重构日志: 5853a996
// 同步 ID: a5a3341b @ Sat Jul 18 07:12:04 UTC 2026
// 重构日志: ea170751
// 重构日志: 8d1ea33a
// 同步 ID: da8eca5b @ Sat Jul 18 17:41:14 UTC 2026
// 重构日志: ab1f817e
// 重构日志: 19a3aa9c
